<?xml version="1.0" encoding="UTF-8"?>
<!-- Generated by org.testng.reporters.JUnitReportReporter -->
<testsuite skipped="11" hostname="DESKTOP-T371OBQ" name="test.TestVeriday" tests="13" failures="0" timestamp="2021-03-15T16:15:34 IST" time="44.435" errors="0">
  <testcase name="loginTest" time="15.093" classname="test.TestVeriday"/>
  <system-out/>
  <testcase name="DeleteGroup" time="29.342" classname="test.TestVeriday"/>
  <system-out/>
  <testcase name="CreateTeamUserTest" classname="test.TestVeriday">
    <skipped/>
  </testcase> <!-- CreateTeamUserTest -->
  <system-out/>
  <testcase name="ValidateDigitalWorkSpaceOptions" classname="test.TestVeriday">
    <skipped/>
  </testcase> <!-- ValidateDigitalWorkSpaceOptions -->
  <system-out/>
  <testcase name="CreateNewWebPageTest" classname="test.TestVeriday">
    <skipped/>
  </testcase> <!-- CreateNewWebPageTest -->
  <system-out/>
  <testcase name="ValidateAdminHQOptions" classname="test.TestVeriday">
    <skipped/>
  </testcase> <!-- ValidateAdminHQOptions -->
  <system-out/>
  <testcase name="CreatePrimaryUserTest" classname="test.TestVeriday">
    <skipped/>
  </testcase> <!-- CreatePrimaryUserTest -->
  <system-out/>
  <testcase name="ImpersonateUserTest" classname="test.TestVeriday">
    <skipped/>
  </testcase> <!-- ImpersonateUserTest -->
  <system-out/>
  <testcase name="SearchUserTest" classname="test.TestVeriday">
    <skipped/>
  </testcase> <!-- SearchUserTest -->
  <system-out/>
  <testcase name="CreateNewEventTest" classname="test.TestVeriday">
    <skipped/>
  </testcase> <!-- CreateNewEventTest -->
  <system-out/>
  <testcase name="CreateNewFormTest" classname="test.TestVeriday">
    <skipped/>
  </testcase> <!-- CreateNewFormTest -->
  <system-out/>
  <testcase name="CreateGroup" classname="test.TestVeriday">
    <skipped/>
  </testcase> <!-- CreateGroup -->
  <system-out/>
  <testcase name="ValidateHomePgaeOptions" classname="test.TestVeriday">
    <skipped/>
  </testcase> <!-- ValidateHomePgaeOptions -->
  <system-out/>
</testsuite> <!-- test.TestVeriday -->
