<?xml version="1.0" encoding="UTF-8"?>
<!-- Generated by org.testng.reporters.JUnitReportReporter -->
<testsuite skipped="6" hostname="SUMIT-SONI" name="test.TestVeriday" tests="8" failures="0" timestamp="29 Nov 2020 11:46:58 GMT" time="29.262" errors="0">
  <testcase name="loginTest" time="11.536" classname="test.TestVeriday"/>
  <testcase name="ImpersonateUserTest" time="17.726" classname="test.TestVeriday"/>
  <testcase name="CreateTeamUserTest" classname="test.TestVeriday">
    <skipped/>
  </testcase> <!-- CreateTeamUserTest -->
  <testcase name="CreateNewWebPageTest" classname="test.TestVeriday">
    <skipped/>
  </testcase> <!-- CreateNewWebPageTest -->
  <testcase name="CreateNewLinkedPageTest" classname="test.TestVeriday">
    <skipped/>
  </testcase> <!-- CreateNewLinkedPageTest -->
  <testcase name="CreatePrimaryUserTest" classname="test.TestVeriday">
    <skipped/>
  </testcase> <!-- CreatePrimaryUserTest -->
  <testcase name="SearchUserTest" classname="test.TestVeriday">
    <skipped/>
  </testcase> <!-- SearchUserTest -->
  <testcase name="CreateNewEventTest" classname="test.TestVeriday">
    <skipped/>
  </testcase> <!-- CreateNewEventTest -->
</testsuite> <!-- test.TestVeriday -->
