<?xml version="1.0" encoding="UTF-8"?>
<!-- Generated by org.testng.reporters.JUnitReportReporter -->
<testsuite skipped="2" hostname="SUMIT-SONI" name="test.TestVeriday" tests="8" failures="0" timestamp="29 Nov 2020 15:22:28 GMT" time="134.209" errors="0">
  <testcase name="loginTest" time="12.589" classname="test.TestVeriday"/>
  <testcase name="CreatePrimaryUserTest" time="38.330" classname="test.TestVeriday"/>
  <testcase name="CreateTeamUserTest" time="38.961" classname="test.TestVeriday"/>
  <testcase name="SearchUserTest" time="2.565" classname="test.TestVeriday"/>
  <testcase name="ImpersonateUserTest" time="1.848" classname="test.TestVeriday"/>
  <testcase name="CreateNewEventTest" time="39.916" classname="test.TestVeriday"/>
  <testcase name="CreateNewWebPageTest" classname="test.TestVeriday">
    <skipped/>
  </testcase> <!-- CreateNewWebPageTest -->
  <testcase name="CreateNewLinkedPageTest" classname="test.TestVeriday">
    <skipped/>
  </testcase> <!-- CreateNewLinkedPageTest -->
</testsuite> <!-- test.TestVeriday -->
