<?xml version="1.0" encoding="UTF-8"?>
<!-- Generated by org.testng.reporters.JUnitReportReporter -->
<testsuite skipped="8" hostname="DESKTOP-T371OBQ" name="test.TestVeriday" tests="9" failures="0" timestamp="2021-02-05T16:40:34 IST" time="0.935" errors="1">
  <testcase name="initializeTestBaseSetup" time="0.933" classname="test.TestVeriday">
    <error type="org.openqa.selenium.SessionNotCreatedException" message="No matching capability sets found.
Unable to match capability set 0: acceptInsecureCerts was &#039;true&#039;, but the IE driver does not allow bypassing insecure (self-signed) SSL certificates
Build info: version: &#039;3.141.0&#039;, revision: &#039;2ecb7d9a&#039;, time: &#039;2018-10-31T20:09:30&#039;
System info: host: &#039;DESKTOP-T371OBQ&#039;, ip: &#039;192.168.113.21&#039;, os.name: &#039;Windows 10&#039;, os.arch: &#039;amd64&#039;, os.version: &#039;10.0&#039;, java.version: &#039;1.8.0_181&#039;
Driver info: driver.version: InternetExplorerDriver
remote stacktrace: ">
      <![CDATA[org.openqa.selenium.SessionNotCreatedException: No matching capability sets found.
Unable to match capability set 0: acceptInsecureCerts was 'true', but the IE driver does not allow bypassing insecure (self-signed) SSL certificates
Build info: version: '3.141.0', revision: '2ecb7d9a', time: '2018-10-31T20:09:30'
System info: host: 'DESKTOP-T371OBQ', ip: '192.168.113.21', os.name: 'Windows 10', os.arch: 'amd64', os.version: '10.0', java.version: '1.8.0_181'
Driver info: driver.version: InternetExplorerDriver
remote stacktrace: 
at sun.reflect.NativeConstructorAccessorImpl.newInstance0(Native Method)
at sun.reflect.NativeConstructorAccessorImpl.newInstance(Unknown Source)
at sun.reflect.DelegatingConstructorAccessorImpl.newInstance(Unknown Source)
at java.lang.reflect.Constructor.newInstance(Unknown Source)
at org.openqa.selenium.remote.W3CHandshakeResponse.lambda$errorHandler$0(W3CHandshakeResponse.java:62)
at org.openqa.selenium.remote.HandshakeResponse.lambda$getResponseFunction$0(HandshakeResponse.java:30)
at org.openqa.selenium.remote.ProtocolHandshake.lambda$createSession$0(ProtocolHandshake.java:123)
at java.util.stream.ReferencePipeline$3$1.accept(Unknown Source)
at java.util.Spliterators$ArraySpliterator.tryAdvance(Unknown Source)
at java.util.stream.ReferencePipeline.forEachWithCancel(Unknown Source)
at java.util.stream.AbstractPipeline.copyIntoWithCancel(Unknown Source)
at java.util.stream.AbstractPipeline.copyInto(Unknown Source)
at java.util.stream.AbstractPipeline.wrapAndCopyInto(Unknown Source)
at java.util.stream.FindOps$FindOp.evaluateSequential(Unknown Source)
at java.util.stream.AbstractPipeline.evaluate(Unknown Source)
at java.util.stream.ReferencePipeline.findFirst(Unknown Source)
at org.openqa.selenium.remote.ProtocolHandshake.createSession(ProtocolHandshake.java:125)
at org.openqa.selenium.remote.ProtocolHandshake.createSession(ProtocolHandshake.java:74)
at org.openqa.selenium.remote.HttpCommandExecutor.execute(HttpCommandExecutor.java:136)
at org.openqa.selenium.remote.service.DriverCommandExecutor.execute(DriverCommandExecutor.java:83)
at org.openqa.selenium.remote.RemoteWebDriver.execute(RemoteWebDriver.java:552)
at org.openqa.selenium.remote.RemoteWebDriver.startSession(RemoteWebDriver.java:213)
at org.openqa.selenium.ie.InternetExplorerDriver.run(InternetExplorerDriver.java:221)
at org.openqa.selenium.ie.InternetExplorerDriver.<init>(InternetExplorerDriver.java:213)
at org.openqa.selenium.ie.InternetExplorerDriver.<init>(InternetExplorerDriver.java:158)
at BasePage.BasePage.initIEDriver(BasePage.java:267)
at BasePage.BasePage.setDriver(BasePage.java:198)
at BasePage.BasePage.initializeTestBaseSetup(BasePage.java:145)
at sun.reflect.NativeMethodAccessorImpl.invoke0(Native Method)
at sun.reflect.NativeMethodAccessorImpl.invoke(Unknown Source)
at sun.reflect.DelegatingMethodAccessorImpl.invoke(Unknown Source)
at java.lang.reflect.Method.invoke(Unknown Source)
at org.testng.internal.MethodInvocationHelper.invokeMethod(MethodInvocationHelper.java:132)
at org.testng.internal.MethodInvocationHelper.invokeMethodConsideringTimeout(MethodInvocationHelper.java:61)
at org.testng.internal.ConfigInvoker.invokeConfigurationMethod(ConfigInvoker.java:366)
at org.testng.internal.ConfigInvoker.invokeConfigurations(ConfigInvoker.java:320)
at org.testng.internal.TestMethodWorker.invokeBeforeClassMethods(TestMethodWorker.java:176)
at org.testng.internal.TestMethodWorker.run(TestMethodWorker.java:122)
at java.util.ArrayList.forEach(Unknown Source)
at org.testng.TestRunner.privateRun(TestRunner.java:764)
at org.testng.TestRunner.run(TestRunner.java:585)
at org.testng.SuiteRunner.runTest(SuiteRunner.java:384)
at org.testng.SuiteRunner.access$000(SuiteRunner.java:28)
at org.testng.SuiteRunner$SuiteWorker.run(SuiteRunner.java:425)
at org.testng.internal.thread.ThreadUtil.lambda$execute$0(ThreadUtil.java:66)
at java.util.concurrent.FutureTask.run(Unknown Source)
at java.util.concurrent.ThreadPoolExecutor.runWorker(Unknown Source)
at java.util.concurrent.ThreadPoolExecutor$Worker.run(Unknown Source)
at java.lang.Thread.run(Unknown Source)
]]>
    </error>
  </testcase> <!-- initializeTestBaseSetup -->
  <system-out/>
  <testcase name="loginTest" time="0.001" classname="test.TestVeriday">
    <skipped/>
  </testcase> <!-- loginTest -->
  <system-out/>
  <testcase name="CreatePrimaryUserTest" time="0.001" classname="test.TestVeriday">
    <skipped/>
  </testcase> <!-- CreatePrimaryUserTest -->
  <system-out/>
  <testcase name="CreateTeamUserTest" time="0.000" classname="test.TestVeriday">
    <skipped/>
  </testcase> <!-- CreateTeamUserTest -->
  <system-out/>
  <testcase name="CreateNewWebPageTest" classname="test.TestVeriday">
    <skipped/>
  </testcase> <!-- CreateNewWebPageTest -->
  <system-out/>
  <testcase name="ImpersonateUserTest" classname="test.TestVeriday">
    <skipped/>
  </testcase> <!-- ImpersonateUserTest -->
  <system-out/>
  <testcase name="SearchUserTest" classname="test.TestVeriday">
    <skipped/>
  </testcase> <!-- SearchUserTest -->
  <system-out/>
  <testcase name="CreateNewEventTest" classname="test.TestVeriday">
    <skipped/>
  </testcase> <!-- CreateNewEventTest -->
  <system-out/>
  <testcase name="CreateNewFormTest" classname="test.TestVeriday">
    <skipped/>
  </testcase> <!-- CreateNewFormTest -->
  <system-out/>
</testsuite> <!-- test.TestVeriday -->
