<?xml version="1.0" encoding="UTF-8"?>
<!-- Generated by org.testng.reporters.JUnitReportReporter -->
<testsuite skipped="4" hostname="SUMIT-SONI" name="test.TestVeriday" tests="8" failures="0" timestamp="02 Dec 2020 13:16:05 GMT" time="78.612" errors="0">
  <testcase name="loginTest" time="12.949" classname="test.TestVeriday"/>
  <testcase name="SearchUserTest" time="24.792" classname="test.TestVeriday"/>
  <testcase name="ImpersonateUserTest" time="1.899" classname="test.TestVeriday"/>
  <testcase name="CreateNewFormTest" time="38.972" classname="test.TestVeriday"/>
  <testcase name="CreateTeamUserTest" classname="test.TestVeriday">
    <skipped/>
  </testcase> <!-- CreateTeamUserTest -->
  <testcase name="CreateNewWebPageTest" classname="test.TestVeriday">
    <skipped/>
  </testcase> <!-- CreateNewWebPageTest -->
  <testcase name="CreatePrimaryUserTest" classname="test.TestVeriday">
    <skipped/>
  </testcase> <!-- CreatePrimaryUserTest -->
  <testcase name="CreateNewEventTest" classname="test.TestVeriday">
    <skipped/>
  </testcase> <!-- CreateNewEventTest -->
</testsuite> <!-- test.TestVeriday -->
