<?xml version="1.0" encoding="UTF-8"?>
<!-- Generated by org.testng.reporters.JUnitReportReporter -->
<testsuite skipped="12" hostname="DESKTOP-T371OBQ" name="test.TestVeriday" tests="16" failures="0" timestamp="2021-03-23T14:55:20 IST" time="90.591" errors="0">
  <testcase name="loginTest" time="14.856" classname="test.TestVeriday"/>
  <system-out/>
  <testcase name="CreatePrimaryUserTest" time="42.533" classname="test.TestVeriday"/>
  <system-out/>
  <testcase name="CreateTeamUserTest" time="29.963" classname="test.TestVeriday"/>
  <system-out/>
  <testcase name="SearchUserTest" time="3.239" classname="test.TestVeriday"/>
  <system-out/>
  <testcase name="ValidateDigitalWorkSpaceOptions" classname="test.TestVeriday">
    <skipped/>
  </testcase> <!-- ValidateDigitalWorkSpaceOptions -->
  <system-out/>
  <testcase name="CreateNewWebPageTest" classname="test.TestVeriday">
    <skipped/>
  </testcase> <!-- CreateNewWebPageTest -->
  <system-out/>
  <testcase name="ValidateAdminHQOptions" classname="test.TestVeriday">
    <skipped/>
  </testcase> <!-- ValidateAdminHQOptions -->
  <system-out/>
  <testcase name="ImpersonateUserTest" classname="test.TestVeriday">
    <skipped/>
  </testcase> <!-- ImpersonateUserTest -->
  <system-out/>
  <testcase name="CreateRegion" classname="test.TestVeriday">
    <skipped/>
  </testcase> <!-- CreateRegion -->
  <system-out/>
  <testcase name="CreateNewEventTest" classname="test.TestVeriday">
    <skipped/>
  </testcase> <!-- CreateNewEventTest -->
  <system-out/>
  <testcase name="CreateUpdateGroup" classname="test.TestVeriday">
    <skipped/>
  </testcase> <!-- CreateUpdateGroup -->
  <system-out/>
  <testcase name="DeleteGroup" classname="test.TestVeriday">
    <skipped/>
  </testcase> <!-- DeleteGroup -->
  <system-out/>
  <testcase name="CreateNewWebSiteTest" classname="test.TestVeriday">
    <skipped/>
  </testcase> <!-- CreateNewWebSiteTest -->
  <system-out/>
  <testcase name="CreateNewFormTest" classname="test.TestVeriday">
    <skipped/>
  </testcase> <!-- CreateNewFormTest -->
  <system-out/>
  <testcase name="CreateGroup" classname="test.TestVeriday">
    <skipped/>
  </testcase> <!-- CreateGroup -->
  <system-out/>
  <testcase name="ValidateHomePgaeOptions" classname="test.TestVeriday">
    <skipped/>
  </testcase> <!-- ValidateHomePgaeOptions -->
  <system-out/>
</testsuite> <!-- test.TestVeriday -->
