<?xml version="1.0" encoding="UTF-8"?>
<!-- Generated by org.testng.reporters.JUnitReportReporter -->
<testsuite skipped="2" hostname="SUMIT-SONI" name="test.TestVeriday" tests="8" failures="0" timestamp="28 Nov 2020 12:15:34 GMT" time="110.861" errors="0">
  <testcase name="loginTest" time="11.133" classname="test.TestVeriday"/>
  <testcase name="CreatePrimaryUserTest" time="37.946" classname="test.TestVeriday"/>
  <testcase name="CreateTeamUserTest" time="8.376" classname="test.TestVeriday"/>
  <testcase name="SearchUserTest" time="16.369" classname="test.TestVeriday"/>
  <testcase name="ImpersonateUserTest" time="1.756" classname="test.TestVeriday"/>
  <testcase name="CreateNewEventTest" time="35.281" classname="test.TestVeriday"/>
  <testcase name="CreateNewWebPageTest" classname="test.TestVeriday">
    <skipped/>
  </testcase> <!-- CreateNewWebPageTest -->
  <testcase name="CreateNewLinkedPageTest" classname="test.TestVeriday">
    <skipped/>
  </testcase> <!-- CreateNewLinkedPageTest -->
</testsuite> <!-- test.TestVeriday -->
