<?xml version="1.0" encoding="UTF-8"?>
<!-- Generated by org.testng.reporters.JUnitReportReporter -->
<testsuite skipped="14" hostname="DESKTOP-T371OBQ" name="test.TestVeriday" tests="15" failures="0" timestamp="2021-03-22T14:03:02 IST" time="14.063" errors="0">
  <testcase name="loginTest" time="14.063" classname="test.TestVeriday"/>
  <system-out/>
  <testcase name="ValidateDigitalWorkSpaceOptions" classname="test.TestVeriday">
    <skipped/>
  </testcase> <!-- ValidateDigitalWorkSpaceOptions -->
  <system-out/>
  <testcase name="CreatePrimaryUserTest" classname="test.TestVeriday">
    <skipped/>
  </testcase> <!-- CreatePrimaryUserTest -->
  <system-out/>
  <testcase name="ImpersonateUserTest" classname="test.TestVeriday">
    <skipped/>
  </testcase> <!-- ImpersonateUserTest -->
  <system-out/>
  <testcase name="SearchUserTest" classname="test.TestVeriday">
    <skipped/>
  </testcase> <!-- SearchUserTest -->
  <system-out/>
  <testcase name="CreateNewEventTest" classname="test.TestVeriday">
    <skipped/>
  </testcase> <!-- CreateNewEventTest -->
  <system-out/>
  <testcase name="DeleteGroup" classname="test.TestVeriday">
    <skipped/>
  </testcase> <!-- DeleteGroup -->
  <system-out/>
  <testcase name="CreateGroup" classname="test.TestVeriday">
    <skipped/>
  </testcase> <!-- CreateGroup -->
  <system-out/>
  <testcase name="ValidateHomePgaeOptions" classname="test.TestVeriday">
    <skipped/>
  </testcase> <!-- ValidateHomePgaeOptions -->
  <system-out/>
  <testcase name="CreateTeamUserTest" classname="test.TestVeriday">
    <skipped/>
  </testcase> <!-- CreateTeamUserTest -->
  <system-out/>
  <testcase name="CreateNewWebPageTest" classname="test.TestVeriday">
    <skipped/>
  </testcase> <!-- CreateNewWebPageTest -->
  <system-out/>
  <testcase name="ValidateAdminHQOptions" classname="test.TestVeriday">
    <skipped/>
  </testcase> <!-- ValidateAdminHQOptions -->
  <system-out/>
  <testcase name="CreateRegion" classname="test.TestVeriday">
    <skipped/>
  </testcase> <!-- CreateRegion -->
  <system-out/>
  <testcase name="CreateUpdateGroup" classname="test.TestVeriday">
    <skipped/>
  </testcase> <!-- CreateUpdateGroup -->
  <system-out/>
  <testcase name="CreateNewFormTest" classname="test.TestVeriday">
    <skipped/>
  </testcase> <!-- CreateNewFormTest -->
  <system-out/>
</testsuite> <!-- test.TestVeriday -->
