<?xml version="1.0" encoding="UTF-8"?>
<!-- Generated by org.testng.reporters.JUnitReportReporter -->
<testsuite skipped="4" hostname="SUMIT-SONI" name="test.TestVeriday" tests="8" failures="0" timestamp="01 Dec 2020 09:15:39 GMT" time="84.180" errors="0">
  <testcase name="loginTest" time="12.923" classname="test.TestVeriday"/>
  <testcase name="SearchUserTest" time="22.813" classname="test.TestVeriday"/>
  <testcase name="ImpersonateUserTest" time="1.854" classname="test.TestVeriday"/>
  <testcase name="CreateNewWebPageTest" time="46.590" classname="test.TestVeriday"/>
  <testcase name="CreateTeamUserTest" classname="test.TestVeriday">
    <skipped/>
  </testcase> <!-- CreateTeamUserTest -->
  <testcase name="CreatePrimaryUserTest" classname="test.TestVeriday">
    <skipped/>
  </testcase> <!-- CreatePrimaryUserTest -->
  <testcase name="CreateNewEventTest" classname="test.TestVeriday">
    <skipped/>
  </testcase> <!-- CreateNewEventTest -->
  <testcase name="CreateNewFormTest" classname="test.TestVeriday">
    <skipped/>
  </testcase> <!-- CreateNewFormTest -->
</testsuite> <!-- test.TestVeriday -->
