<?xml version="1.0" encoding="UTF-8"?>
<!-- Generated by org.testng.reporters.JUnitReportReporter -->
<testsuite skipped="6" hostname="SUMIT-SONI" name="test.TestVeriday" tests="8" failures="0" timestamp="14 Dec 2020 07:27:59 GMT" time="67.254" errors="0">
  <testcase name="loginTest" time="19.010" classname="test.TestVeriday"/>
  <testcase name="CreateTeamUserTest" time="48.244" classname="test.TestVeriday"/>
  <testcase name="CreateNewWebPageTest" classname="test.TestVeriday">
    <skipped/>
  </testcase> <!-- CreateNewWebPageTest -->
  <testcase name="CreatePrimaryUserTest" classname="test.TestVeriday">
    <skipped/>
  </testcase> <!-- CreatePrimaryUserTest -->
  <testcase name="ImpersonateUserTest" classname="test.TestVeriday">
    <skipped/>
  </testcase> <!-- ImpersonateUserTest -->
  <testcase name="SearchUserTest" classname="test.TestVeriday">
    <skipped/>
  </testcase> <!-- SearchUserTest -->
  <testcase name="CreateNewEventTest" classname="test.TestVeriday">
    <skipped/>
  </testcase> <!-- CreateNewEventTest -->
  <testcase name="CreateNewFormTest" classname="test.TestVeriday">
    <skipped/>
  </testcase> <!-- CreateNewFormTest -->
</testsuite> <!-- test.TestVeriday -->
