<?xml version="1.0" encoding="UTF-8"?>
<!-- Generated by org.testng.reporters.JUnitReportReporter -->
<testsuite skipped="2" hostname="SUMIT-SONI" name="test.TestVeriday" tests="8" failures="0" timestamp="28 Nov 2020 12:25:38 GMT" time="116.060" errors="0">
  <testcase name="loginTest" time="14.311" classname="test.TestVeriday"/>
  <testcase name="CreatePrimaryUserTest" time="39.992" classname="test.TestVeriday"/>
  <testcase name="CreateTeamUserTest" time="8.313" classname="test.TestVeriday"/>
  <testcase name="SearchUserTest" time="17.556" classname="test.TestVeriday"/>
  <testcase name="ImpersonateUserTest" time="1.835" classname="test.TestVeriday"/>
  <testcase name="CreateNewEventTest" time="34.053" classname="test.TestVeriday"/>
  <testcase name="CreateNewWebPageTest" classname="test.TestVeriday">
    <skipped/>
  </testcase> <!-- CreateNewWebPageTest -->
  <testcase name="CreateNewLinkedPageTest" classname="test.TestVeriday">
    <skipped/>
  </testcase> <!-- CreateNewLinkedPageTest -->
</testsuite> <!-- test.TestVeriday -->
